<?xml version="1.0" encoding="UTF-8"?>
<coverage generated="1782166079919" clover="3.2.0">
  <project timestamp="1782166079920" name="All files">
    <metrics statements="29" coveredstatements="27" conditionals="27" coveredconditionals="26" methods="9" coveredmethods="7" elements="65" coveredelements="60" complexity="0" loc="29" ncloc="29" packages="1" files="2" classes="2"/>
    <file name="handleUtils.ts" path="/app/frontend/src/erd/handleUtils.ts">
      <metrics statements="5" coveredstatements="3" conditionals="4" coveredconditionals="3" methods="4" coveredmethods="2"/>
      <line num="2" count="10" type="stmt"/>
      <line num="3" count="41" type="cond" truecount="1" falsecount="1"/>
      <line num="6" count="10" type="cond" truecount="2" falsecount="0"/>
      <line num="10" count="0" type="stmt"/>
      <line num="14" count="0" type="stmt"/>
    </file>
    <file name="mermaid.ts" path="/app/frontend/src/erd/mermaid.ts">
      <metrics statements="24" coveredstatements="24" conditionals="23" coveredconditionals="23" methods="5" coveredmethods="5"/>
      <line num="6" count="29" type="cond" truecount="2" falsecount="0"/>
      <line num="8" count="27" type="stmt"/>
      <line num="15" count="8" type="stmt"/>
      <line num="17" count="8" type="cond" truecount="2" falsecount="0"/>
      <line num="18" count="1" type="stmt"/>
      <line num="21" count="7" type="stmt"/>
      <line num="22" count="10" type="stmt"/>
      <line num="23" count="10" type="stmt"/>
      <line num="25" count="10" type="stmt"/>
      <line num="26" count="10" type="stmt"/>
      <line num="27" count="10" type="cond" truecount="2" falsecount="0"/>
      <line num="29" count="10" type="stmt"/>
      <line num="30" count="10" type="stmt"/>
      <line num="31" count="7" type="cond" truecount="7" falsecount="0"/>
      <line num="37" count="10" type="cond" truecount="4" falsecount="0"/>
      <line num="40" count="10" type="stmt"/>
      <line num="41" count="10" type="stmt"/>
      <line num="43" count="10" type="stmt"/>
      <line num="46" count="7" type="stmt"/>
      <line num="47" count="8" type="stmt"/>
      <line num="48" count="5" type="stmt"/>
      <line num="50" count="5" type="cond" truecount="4" falsecount="0"/>
      <line num="51" count="3" type="cond" truecount="2" falsecount="0"/>
      <line num="55" count="7" type="stmt"/>
    </file>
  </project>
</coverage>
