<?xml version="1.0" encoding="UTF-8"?>
<coverage generated="1782120007512" clover="3.2.0">
  <project timestamp="1782120007512" name="All files">
    <metrics statements="43" coveredstatements="19" conditionals="69" coveredconditionals="26" methods="14" coveredmethods="8" elements="126" coveredelements="53" complexity="0" loc="43" ncloc="43" packages="1" files="3" classes="3"/>
    <file name="TableNode.tsx" path="/app/frontend/src/erd/TableNode.tsx">
      <metrics statements="24" coveredstatements="10" conditionals="57" coveredconditionals="21" methods="6" coveredmethods="3"/>
      <line num="7" count="1" type="stmt"/>
      <line num="35" count="2" type="cond" truecount="4" falsecount="0"/>
      <line num="36" count="1" type="stmt"/>
      <line num="37" count="1" type="cond" truecount="1" falsecount="1"/>
      <line num="41" count="1" type="stmt"/>
      <line num="42" count="1" type="cond" truecount="1" falsecount="1"/>
      <line num="45" count="1" type="cond" truecount="1" falsecount="1"/>
      <line num="53" count="1" type="stmt"/>
      <line num="84" count="2" type="stmt"/>
      <line num="85" count="2" type="stmt"/>
      <line num="129" count="0" type="stmt"/>
      <line num="155" count="0" type="cond" truecount="0" falsecount="2"/>
      <line num="158" count="0" type="stmt"/>
      <line num="163" count="0" type="stmt"/>
      <line num="164" count="0" type="stmt"/>
      <line num="165" count="0" type="stmt"/>
      <line num="166" count="0" type="cond" truecount="0" falsecount="2"/>
      <line num="167" count="0" type="cond" truecount="0" falsecount="2"/>
      <line num="168" count="0" type="cond" truecount="0" falsecount="2"/>
      <line num="169" count="0" type="cond" truecount="0" falsecount="2"/>
      <line num="170" count="0" type="cond" truecount="0" falsecount="2"/>
      <line num="171" count="0" type="cond" truecount="0" falsecount="2"/>
      <line num="173" count="0" type="stmt"/>
      <line num="181" count="0" type="stmt"/>
    </file>
    <file name="businessGroups.ts" path="/app/frontend/src/erd/businessGroups.ts">
      <metrics statements="14" coveredstatements="4" conditionals="8" coveredconditionals="3" methods="4" coveredmethods="1"/>
      <line num="7" count="1" type="stmt"/>
      <line num="16" count="1" type="stmt"/>
      <line num="21" count="1" type="cond" truecount="1" falsecount="1"/>
      <line num="25" count="0" type="stmt"/>
      <line num="27" count="1" type="stmt"/>
      <line num="31" count="0" type="stmt"/>
      <line num="36" count="0" type="cond" truecount="0" falsecount="2"/>
      <line num="43" count="0" type="stmt"/>
      <line num="44" count="0" type="stmt"/>
      <line num="45" count="0" type="cond" truecount="0" falsecount="2"/>
      <line num="46" count="0" type="stmt"/>
      <line num="47" count="0" type="stmt"/>
      <line num="48" count="0" type="stmt"/>
      <line num="50" count="0" type="stmt"/>
    </file>
    <file name="handleUtils.ts" path="/app/frontend/src/erd/handleUtils.ts">
      <metrics statements="5" coveredstatements="5" conditionals="4" coveredconditionals="2" methods="4" coveredmethods="4"/>
      <line num="2" count="4" type="stmt"/>
      <line num="3" count="12" type="cond" truecount="1" falsecount="1"/>
      <line num="6" count="4" type="cond" truecount="1" falsecount="1"/>
      <line num="10" count="2" type="stmt"/>
      <line num="14" count="2" type="stmt"/>
    </file>
  </project>
</coverage>
