{"/app/frontend/src/erd/handleUtils.ts": {"path":"/app/frontend/src/erd/handleUtils.ts","statementMap":{"0":{"start":{"line":2,"column":18},"end":{"line":4,"column":null}},"1":{"start":{"line":3,"column":4},"end":{"line":3,"column":null}},"2":{"start":{"line":6,"column":2},"end":{"line":6,"column":null}},"3":{"start":{"line":10,"column":2},"end":{"line":10,"column":null}},"4":{"start":{"line":14,"column":2},"end":{"line":14,"column":null}}},"fnMap":{"0":{"name":"sanitizeHandleId","decl":{"start":{"line":1,"column":16},"end":{"line":1,"column":33}},"loc":{"start":{"line":1,"column":61},"end":{"line":7,"column":null}},"line":1},"1":{"name":"(anonymous_1)","decl":{"start":{"line":2,"column":29},"end":{"line":2,"column":42}},"loc":{"start":{"line":2,"column":51},"end":{"line":4,"column":3}},"line":2},"2":{"name":"sourceColumnHandleId","decl":{"start":{"line":9,"column":16},"end":{"line":9,"column":37}},"loc":{"start":{"line":9,"column":65},"end":{"line":11,"column":null}},"line":9},"3":{"name":"targetColumnHandleId","decl":{"start":{"line":13,"column":16},"end":{"line":13,"column":37}},"loc":{"start":{"line":13,"column":65},"end":{"line":15,"column":null}},"line":13}},"branchMap":{"0":{"loc":{"start":{"line":3,"column":11},"end":{"line":3,"column":null}},"type":"binary-expr","locations":[{"start":{"line":3,"column":11},"end":{"line":3,"column":65}},{"start":{"line":3,"column":65},"end":{"line":3,"column":null}}],"line":3},"1":{"loc":{"start":{"line":6,"column":14},"end":{"line":6,"column":null}},"type":"binary-expr","locations":[{"start":{"line":6,"column":14},"end":{"line":6,"column":25}},{"start":{"line":6,"column":25},"end":{"line":6,"column":null}}],"line":6}},"s":{"0":10,"1":41,"2":10,"3":0,"4":0},"f":{"0":10,"1":41,"2":0,"3":0},"b":{"0":[41,0],"1":[10,1]},"meta":{"lastBranch":2,"lastFunction":4,"lastStatement":5,"seen":{"f:1:16:1:33":0,"s:2:18:4:Infinity":0,"f:2:29:2:42":1,"s:3:4:3:Infinity":1,"b:3:11:3:65:3:65:3:Infinity":0,"s:6:2:6:Infinity":2,"b:6:14:6:25:6:25:6:Infinity":1,"f:9:16:9:37":2,"s:10:2:10:Infinity":3,"f:13:16:13:37":3,"s:14:2:14:Infinity":4},"fnNames":{}}}
,"/app/frontend/src/erd/mermaid.ts": {"path":"/app/frontend/src/erd/mermaid.ts","statementMap":{"0":{"start":{"line":6,"column":2},"end":{"line":6,"column":null}},"1":{"start":{"line":6,"column":12},"end":{"line":6,"column":null}},"2":{"start":{"line":8,"column":2},"end":{"line":8,"column":null}},"3":{"start":{"line":15,"column":15},"end":{"line":15,"column":null}},"4":{"start":{"line":17,"column":2},"end":{"line":19,"column":null}},"5":{"start":{"line":18,"column":4},"end":{"line":18,"column":null}},"6":{"start":{"line":21,"column":2},"end":{"line":44,"column":null}},"7":{"start":{"line":22,"column":18},"end":{"line":22,"column":null}},"8":{"start":{"line":23,"column":4},"end":{"line":23,"column":null}},"9":{"start":{"line":25,"column":4},"end":{"line":42,"column":null}},"10":{"start":{"line":26,"column":22},"end":{"line":26,"column":null}},"11":{"start":{"line":27,"column":6},"end":{"line":27,"column":null}},"12":{"start":{"line":27,"column":21},"end":{"line":27,"column":null}},"13":{"start":{"line":29,"column":12},"end":{"line":29,"column":null}},"14":{"start":{"line":30,"column":19},"end":{"line":35,"column":null}},"15":{"start":{"line":31,"column":16},"end":{"line":34,"column":null}},"16":{"start":{"line":37,"column":6},"end":{"line":37,"column":null}},"17":{"start":{"line":37,"column":30},"end":{"line":37,"column":null}},"18":{"start":{"line":40,"column":23},"end":{"line":40,"column":null}},"19":{"start":{"line":41,"column":6},"end":{"line":41,"column":null}},"20":{"start":{"line":43,"column":4},"end":{"line":43,"column":null}},"21":{"start":{"line":46,"column":2},"end":{"line":53,"column":null}},"22":{"start":{"line":47,"column":23},"end":{"line":47,"column":null}},"23":{"start":{"line":47,"column":41},"end":{"line":47,"column":61}},"24":{"start":{"line":48,"column":23},"end":{"line":48,"column":null}},"25":{"start":{"line":48,"column":41},"end":{"line":48,"column":61}},"26":{"start":{"line":50,"column":4},"end":{"line":52,"column":null}},"27":{"start":{"line":51,"column":6},"end":{"line":51,"column":null}},"28":{"start":{"line":55,"column":2},"end":{"line":55,"column":null}}},"fnMap":{"0":{"name":"sanitizeString","decl":{"start":{"line":5,"column":9},"end":{"line":5,"column":24}},"loc":{"start":{"line":5,"column":45},"end":{"line":9,"column":null}},"line":5},"1":{"name":"exportMermaid","decl":{"start":{"line":11,"column":16},"end":{"line":11,"column":null}},"loc":{"start":{"line":14,"column":10},"end":{"line":56,"column":null}},"line":14},"2":{"name":"(anonymous_2)","decl":{"start":{"line":30,"column":25},"end":{"line":30,"column":null}},"loc":{"start":{"line":31,"column":16},"end":{"line":34,"column":null}},"line":31},"3":{"name":"(anonymous_3)","decl":{"start":{"line":47,"column":29},"end":{"line":47,"column":35}},"loc":{"start":{"line":47,"column":41},"end":{"line":47,"column":61}},"line":47},"4":{"name":"(anonymous_4)","decl":{"start":{"line":48,"column":29},"end":{"line":48,"column":35}},"loc":{"start":{"line":48,"column":41},"end":{"line":48,"column":61}},"line":48}},"branchMap":{"0":{"loc":{"start":{"line":6,"column":2},"end":{"line":6,"column":null}},"type":"if","locations":[{"start":{"line":6,"column":2},"end":{"line":6,"column":null}},{"start":{},"end":{}}],"line":6},"1":{"loc":{"start":{"line":17,"column":2},"end":{"line":19,"column":null}},"type":"if","locations":[{"start":{"line":17,"column":2},"end":{"line":19,"column":null}},{"start":{},"end":{}}],"line":17},"2":{"loc":{"start":{"line":27,"column":6},"end":{"line":27,"column":null}},"type":"if","locations":[{"start":{"line":27,"column":6},"end":{"line":27,"column":null}},{"start":{},"end":{}}],"line":27},"3":{"loc":{"start":{"line":31,"column":16},"end":{"line":34,"column":null}},"type":"binary-expr","locations":[{"start":{"line":31,"column":16},"end":{"line":31,"column":40}},{"start":{"line":31,"column":40},"end":{"line":31,"column":null}},{"start":{"line":32,"column":16},"end":{"line":32,"column":40}},{"start":{"line":32,"column":40},"end":{"line":32,"column":null}},{"start":{"line":34,"column":16},"end":{"line":34,"column":40}},{"start":{"line":34,"column":40},"end":{"line":34,"column":59}},{"start":{"line":34,"column":59},"end":{"line":34,"column":null}}],"line":31},"4":{"loc":{"start":{"line":37,"column":6},"end":{"line":37,"column":null}},"type":"if","locations":[{"start":{"line":37,"column":6},"end":{"line":37,"column":null}},{"start":{},"end":{}}],"line":37},"5":{"loc":{"start":{"line":37,"column":10},"end":{"line":37,"column":30}},"type":"binary-expr","locations":[{"start":{"line":37,"column":10},"end":{"line":37,"column":18}},{"start":{"line":37,"column":18},"end":{"line":37,"column":30}}],"line":37},"6":{"loc":{"start":{"line":50,"column":4},"end":{"line":52,"column":null}},"type":"if","locations":[{"start":{"line":50,"column":4},"end":{"line":52,"column":null}},{"start":{},"end":{}}],"line":50},"7":{"loc":{"start":{"line":50,"column":8},"end":{"line":50,"column":34}},"type":"binary-expr","locations":[{"start":{"line":50,"column":8},"end":{"line":50,"column":22}},{"start":{"line":50,"column":22},"end":{"line":50,"column":34}}],"line":50},"8":{"loc":{"start":{"line":51,"column":139},"end":{"line":51,"column":158}},"type":"binary-expr","locations":[{"start":{"line":51,"column":139},"end":{"line":51,"column":153}},{"start":{"line":51,"column":153},"end":{"line":51,"column":158}}],"line":51}},"s":{"0":29,"1":2,"2":27,"3":8,"4":8,"5":1,"6":7,"7":10,"8":10,"9":10,"10":10,"11":10,"12":6,"13":10,"14":10,"15":7,"16":10,"17":3,"18":10,"19":10,"20":10,"21":7,"22":5,"23":8,"24":5,"25":5,"26":5,"27":3,"28":7},"f":{"0":29,"1":8,"2":7,"3":8,"4":5},"b":{"0":[2,27],"1":[1,7],"2":[6,4],"3":[7,4,6,3,5,3,2],"4":[3,7],"5":[10,4],"6":[3,2],"7":[5,4],"8":[3,1]},"meta":{"lastBranch":9,"lastFunction":5,"lastStatement":29,"seen":{"f:5:9:5:24":0,"b:6:2:6:Infinity:undefined:undefined:undefined:undefined":0,"s:6:2:6:Infinity":0,"s:6:12:6:Infinity":1,"s:8:2:8:Infinity":2,"f:11:16:11:Infinity":1,"s:15:15:15:Infinity":3,"b:17:2:19:Infinity:undefined:undefined:undefined:undefined":1,"s:17:2:19:Infinity":4,"s:18:4:18:Infinity":5,"s:21:2:44:Infinity":6,"s:22:18:22:Infinity":7,"s:23:4:23:Infinity":8,"s:25:4:42:Infinity":9,"s:26:22:26:Infinity":10,"b:27:6:27:Infinity:undefined:undefined:undefined:undefined":2,"s:27:6:27:Infinity":11,"s:27:21:27:Infinity":12,"s:29:12:29:Infinity":13,"s:30:19:35:Infinity":14,"f:30:25:30:Infinity":2,"s:31:16:34:Infinity":15,"b:31:16:31:40:31:40:31:Infinity:32:16:32:40:32:40:32:Infinity:34:16:34:40:34:40:34:59:34:59:34:Infinity":3,"b:37:6:37:Infinity:undefined:undefined:undefined:undefined":4,"s:37:6:37:Infinity":16,"b:37:10:37:18:37:18:37:30":5,"s:37:30:37:Infinity":17,"s:40:23:40:Infinity":18,"s:41:6:41:Infinity":19,"s:43:4:43:Infinity":20,"s:46:2:53:Infinity":21,"s:47:23:47:Infinity":22,"f:47:29:47:35":3,"s:47:41:47:61":23,"s:48:23:48:Infinity":24,"f:48:29:48:35":4,"s:48:41:48:61":25,"b:50:4:52:Infinity:undefined:undefined:undefined:undefined":6,"s:50:4:52:Infinity":26,"b:50:8:50:22:50:22:50:34":7,"s:51:6:51:Infinity":27,"b:51:139:51:153:51:153:51:158":8,"s:55:2:55:Infinity":28},"fnNames":{}}}
}
