{"/app/frontend/src/erd/TableNode.tsx": {"path":"/app/frontend/src/erd/TableNode.tsx","statementMap":{"0":{"start":{"line":7,"column":29},"end":{"line":7,"column":null}},"1":{"start":{"line":35,"column":2},"end":{"line":35,"column":null}},"2":{"start":{"line":35,"column":45},"end":{"line":35,"column":null}},"3":{"start":{"line":36,"column":15},"end":{"line":36,"column":null}},"4":{"start":{"line":37,"column":2},"end":{"line":37,"column":null}},"5":{"start":{"line":41,"column":19},"end":{"line":41,"column":null}},"6":{"start":{"line":42,"column":21},"end":{"line":44,"column":null}},"7":{"start":{"line":45,"column":16},"end":{"line":49,"column":null}},"8":{"start":{"line":53,"column":2},"end":{"line":147,"column":null}},"9":{"start":{"line":84,"column":26},"end":{"line":84,"column":null}},"10":{"start":{"line":85,"column":10},"end":{"line":117,"column":null}},"11":{"start":{"line":129,"column":14},"end":{"line":136,"column":null}},"12":{"start":{"line":155,"column":2},"end":{"line":155,"column":null}},"13":{"start":{"line":155,"column":43},"end":{"line":155,"column":null}},"14":{"start":{"line":158,"column":16},"end":{"line":162,"column":null}},"15":{"start":{"line":163,"column":2},"end":{"line":172,"column":null}},"16":{"start":{"line":163,"column":15},"end":{"line":163,"column":18}},"17":{"start":{"line":164,"column":14},"end":{"line":164,"column":null}},"18":{"start":{"line":165,"column":14},"end":{"line":165,"column":null}},"19":{"start":{"line":166,"column":4},"end":{"line":166,"column":null}},"20":{"start":{"line":166,"column":41},"end":{"line":166,"column":null}},"21":{"start":{"line":167,"column":4},"end":{"line":167,"column":null}},"22":{"start":{"line":167,"column":37},"end":{"line":167,"column":null}},"23":{"start":{"line":168,"column":4},"end":{"line":168,"column":null}},"24":{"start":{"line":168,"column":41},"end":{"line":168,"column":null}},"25":{"start":{"line":169,"column":4},"end":{"line":169,"column":null}},"26":{"start":{"line":169,"column":29},"end":{"line":169,"column":null}},"27":{"start":{"line":170,"column":4},"end":{"line":170,"column":null}},"28":{"start":{"line":170,"column":47},"end":{"line":170,"column":null}},"29":{"start":{"line":171,"column":4},"end":{"line":171,"column":null}},"30":{"start":{"line":171,"column":45},"end":{"line":171,"column":null}},"31":{"start":{"line":173,"column":2},"end":{"line":173,"column":null}},"32":{"start":{"line":181,"column":2},"end":{"line":190,"column":null}}},"fnMap":{"0":{"name":"formatExample","decl":{"start":{"line":34,"column":9},"end":{"line":34,"column":23}},"loc":{"start":{"line":34,"column":70},"end":{"line":38,"column":null}},"line":34},"1":{"name":"TableNode","decl":{"start":{"line":40,"column":9},"end":{"line":40,"column":19}},"loc":{"start":{"line":40,"column":52},"end":{"line":149,"column":null}},"line":40},"2":{"name":"(anonymous_2)","decl":{"start":{"line":83,"column":53},"end":{"line":83,"column":58}},"loc":{"start":{"line":83,"column":64},"end":{"line":119,"column":9}},"line":83},"3":{"name":"(anonymous_3)","decl":{"start":{"line":128,"column":38},"end":{"line":128,"column":43}},"loc":{"start":{"line":129,"column":14},"end":{"line":136,"column":null}},"line":129},"4":{"name":"isSameRenderedColumns","decl":{"start":{"line":151,"column":9},"end":{"line":151,"column":null}},"loc":{"start":{"line":154,"column":11},"end":{"line":174,"column":null}},"line":154},"5":{"name":"(anonymous_5)","decl":{"start":{"line":176,"column":20},"end":{"line":176,"column":32}},"loc":{"start":{"line":176,"column":47},"end":{"line":192,"column":1}},"line":176}},"branchMap":{"0":{"loc":{"start":{"line":35,"column":2},"end":{"line":35,"column":null}},"type":"if","locations":[{"start":{"line":35,"column":2},"end":{"line":35,"column":null}},{"start":{},"end":{}}],"line":35},"1":{"loc":{"start":{"line":35,"column":6},"end":{"line":35,"column":45}},"type":"binary-expr","locations":[{"start":{"line":35,"column":6},"end":{"line":35,"column":24}},{"start":{"line":35,"column":24},"end":{"line":35,"column":45}}],"line":35},"2":{"loc":{"start":{"line":37,"column":9},"end":{"line":37,"column":null}},"type":"cond-expr","locations":[{"start":{"line":37,"column":16},"end":{"line":37,"column":23}},{"start":{"line":37,"column":23},"end":{"line":37,"column":null}}],"line":37},"3":{"loc":{"start":{"line":42,"column":21},"end":{"line":44,"column":null}},"type":"cond-expr","locations":[{"start":{"line":42,"column":26},"end":{"line":43,"column":null}},{"start":{"line":44,"column":6},"end":{"line":44,"column":null}}],"line":42},"4":{"loc":{"start":{"line":45,"column":16},"end":{"line":49,"column":null}},"type":"cond-expr","locations":[{"start":{"line":46,"column":7},"end":{"line":48,"column":null}},{"start":{"line":49,"column":6},"end":{"line":49,"column":null}}],"line":45},"5":{"loc":{"start":{"line":55,"column":29},"end":{"line":55,"column":null}},"type":"cond-expr","locations":[{"start":{"line":55,"column":50},"end":{"line":55,"column":74}},{"start":{"line":55,"column":74},"end":{"line":55,"column":null}}],"line":55},"6":{"loc":{"start":{"line":62,"column":11},"end":{"line":66,"column":null}},"type":"cond-expr","locations":[{"start":{"line":63,"column":12},"end":{"line":66,"column":null}},{"start":{"line":66,"column":14},"end":{"line":66,"column":null}}],"line":62},"7":{"loc":{"start":{"line":69,"column":11},"end":{"line":73,"column":null}},"type":"cond-expr","locations":[{"start":{"line":70,"column":12},"end":{"line":73,"column":null}},{"start":{"line":73,"column":14},"end":{"line":73,"column":null}}],"line":69},"8":{"loc":{"start":{"line":74,"column":11},"end":{"line":76,"column":null}},"type":"cond-expr","locations":[{"start":{"line":75,"column":12},"end":{"line":76,"column":null}},{"start":{"line":76,"column":14},"end":{"line":76,"column":null}}],"line":74},"9":{"loc":{"start":{"line":77,"column":11},"end":{"line":79,"column":null}},"type":"cond-expr","locations":[{"start":{"line":78,"column":12},"end":{"line":79,"column":null}},{"start":{"line":79,"column":14},"end":{"line":79,"column":null}}],"line":77},"10":{"loc":{"start":{"line":95,"column":17},"end":{"line":99,"column":null}},"type":"cond-expr","locations":[{"start":{"line":96,"column":18},"end":{"line":99,"column":null}},{"start":{"line":99,"column":20},"end":{"line":99,"column":null}}],"line":95},"11":{"loc":{"start":{"line":100,"column":17},"end":{"line":104,"column":null}},"type":"cond-expr","locations":[{"start":{"line":101,"column":18},"end":{"line":104,"column":null}},{"start":{"line":104,"column":20},"end":{"line":104,"column":null}}],"line":100},"12":{"loc":{"start":{"line":107,"column":15},"end":{"line":107,"column":null}},"type":"cond-expr","locations":[{"start":{"line":107,"column":25},"end":{"line":107,"column":null}},{"start":{"line":107,"column":72},"end":{"line":107,"column":null}}],"line":107},"13":{"loc":{"start":{"line":108,"column":15},"end":{"line":110,"column":null}},"type":"cond-expr","locations":[{"start":{"line":109,"column":16},"end":{"line":110,"column":null}},{"start":{"line":110,"column":18},"end":{"line":110,"column":null}}],"line":108},"14":{"loc":{"start":{"line":120,"column":9},"end":{"line":124,"column":null}},"type":"cond-expr","locations":[{"start":{"line":121,"column":10},"end":{"line":124,"column":null}},{"start":{"line":124,"column":12},"end":{"line":124,"column":null}}],"line":120},"15":{"loc":{"start":{"line":125,"column":9},"end":{"line":144,"column":null}},"type":"cond-expr","locations":[{"start":{"line":126,"column":10},"end":{"line":144,"column":null}},{"start":{"line":144,"column":12},"end":{"line":144,"column":null}}],"line":125},"16":{"loc":{"start":{"line":138,"column":13},"end":{"line":142,"column":null}},"type":"cond-expr","locations":[{"start":{"line":139,"column":14},"end":{"line":142,"column":null}},{"start":{"line":142,"column":16},"end":{"line":142,"column":null}}],"line":138},"17":{"loc":{"start":{"line":155,"column":2},"end":{"line":155,"column":null}},"type":"if","locations":[{"start":{"line":155,"column":2},"end":{"line":155,"column":null}},{"start":{},"end":{}}],"line":155},"18":{"loc":{"start":{"line":166,"column":4},"end":{"line":166,"column":null}},"type":"if","locations":[{"start":{"line":166,"column":4},"end":{"line":166,"column":null}},{"start":{},"end":{}}],"line":166},"19":{"loc":{"start":{"line":167,"column":4},"end":{"line":167,"column":null}},"type":"if","locations":[{"start":{"line":167,"column":4},"end":{"line":167,"column":null}},{"start":{},"end":{}}],"line":167},"20":{"loc":{"start":{"line":168,"column":4},"end":{"line":168,"column":null}},"type":"if","locations":[{"start":{"line":168,"column":4},"end":{"line":168,"column":null}},{"start":{},"end":{}}],"line":168},"21":{"loc":{"start":{"line":169,"column":4},"end":{"line":169,"column":null}},"type":"if","locations":[{"start":{"line":169,"column":4},"end":{"line":169,"column":null}},{"start":{},"end":{}}],"line":169},"22":{"loc":{"start":{"line":170,"column":4},"end":{"line":170,"column":null}},"type":"if","locations":[{"start":{"line":170,"column":4},"end":{"line":170,"column":null}},{"start":{},"end":{}}],"line":170},"23":{"loc":{"start":{"line":171,"column":4},"end":{"line":171,"column":null}},"type":"if","locations":[{"start":{"line":171,"column":4},"end":{"line":171,"column":null}},{"start":{},"end":{}}],"line":171},"24":{"loc":{"start":{"line":182,"column":4},"end":{"line":190,"column":null}},"type":"binary-expr","locations":[{"start":{"line":182,"column":4},"end":{"line":182,"column":null}},{"start":{"line":183,"column":4},"end":{"line":183,"column":null}},{"start":{"line":184,"column":4},"end":{"line":184,"column":null}},{"start":{"line":185,"column":4},"end":{"line":185,"column":null}},{"start":{"line":186,"column":4},"end":{"line":186,"column":null}},{"start":{"line":187,"column":4},"end":{"line":187,"column":null}},{"start":{"line":188,"column":4},"end":{"line":188,"column":null}},{"start":{"line":189,"column":4},"end":{"line":189,"column":null}},{"start":{"line":190,"column":4},"end":{"line":190,"column":null}}],"line":182}},"s":{"0":1,"1":2,"2":1,"3":1,"4":1,"5":1,"6":1,"7":1,"8":1,"9":2,"10":2,"11":0,"12":0,"13":0,"14":0,"15":0,"16":0,"17":0,"18":0,"19":0,"20":0,"21":0,"22":0,"23":0,"24":0,"25":0,"26":0,"27":0,"28":0,"29":0,"30":0,"31":0,"32":0},"f":{"0":2,"1":1,"2":2,"3":0,"4":0,"5":0},"b":{"0":[1,1],"1":[2,2],"2":[1,0],"3":[1,0],"4":[1,0],"5":[1,0],"6":[1,0],"7":[1,0],"8":[1,0],"9":[0,1],"10":[0,2],"11":[1,1],"12":[1,1],"13":[1,1],"14":[0,1],"15":[0,1],"16":[0,0],"17":[0,0],"18":[0,0],"19":[0,0],"20":[0,0],"21":[0,0],"22":[0,0],"23":[0,0],"24":[0,0,0,0,0,0,0,0,0]},"meta":{"lastBranch":25,"lastFunction":6,"lastStatement":33,"seen":{"s:7:29:7:Infinity":0,"f:34:9:34:23":0,"b:35:2:35:Infinity:undefined:undefined:undefined:undefined":0,"s:35:2:35:Infinity":1,"b:35:6:35:24:35:24:35:45":1,"s:35:45:35:Infinity":2,"s:36:15:36:Infinity":3,"s:37:2:37:Infinity":4,"b:37:16:37:23:37:23:37:Infinity":2,"f:40:9:40:19":1,"s:41:19:41:Infinity":5,"s:42:21:44:Infinity":6,"b:42:26:43:Infinity:44:6:44:Infinity":3,"s:45:16:49:Infinity":7,"b:46:7:48:Infinity:49:6:49:Infinity":4,"s:53:2:147:Infinity":8,"b:55:50:55:74:55:74:55:Infinity":5,"b:63:12:66:Infinity:66:14:66:Infinity":6,"b:70:12:73:Infinity:73:14:73:Infinity":7,"b:75:12:76:Infinity:76:14:76:Infinity":8,"b:78:12:79:Infinity:79:14:79:Infinity":9,"f:83:53:83:58":2,"s:84:26:84:Infinity":9,"s:85:10:117:Infinity":10,"b:96:18:99:Infinity:99:20:99:Infinity":10,"b:101:18:104:Infinity:104:20:104:Infinity":11,"b:107:25:107:Infinity:107:72:107:Infinity":12,"b:109:16:110:Infinity:110:18:110:Infinity":13,"b:121:10:124:Infinity:124:12:124:Infinity":14,"b:126:10:144:Infinity:144:12:144:Infinity":15,"f:128:38:128:43":3,"s:129:14:136:Infinity":11,"b:139:14:142:Infinity:142:16:142:Infinity":16,"f:151:9:151:Infinity":4,"b:155:2:155:Infinity:undefined:undefined:undefined:undefined":17,"s:155:2:155:Infinity":12,"s:155:43:155:Infinity":13,"s:158:16:162:Infinity":14,"s:163:2:172:Infinity":15,"s:163:15:163:18":16,"s:164:14:164:Infinity":17,"s:165:14:165:Infinity":18,"b:166:4:166:Infinity:undefined:undefined:undefined:undefined":18,"s:166:4:166:Infinity":19,"s:166:41:166:Infinity":20,"b:167:4:167:Infinity:undefined:undefined:undefined:undefined":19,"s:167:4:167:Infinity":21,"s:167:37:167:Infinity":22,"b:168:4:168:Infinity:undefined:undefined:undefined:undefined":20,"s:168:4:168:Infinity":23,"s:168:41:168:Infinity":24,"b:169:4:169:Infinity:undefined:undefined:undefined:undefined":21,"s:169:4:169:Infinity":25,"s:169:29:169:Infinity":26,"b:170:4:170:Infinity:undefined:undefined:undefined:undefined":22,"s:170:4:170:Infinity":27,"s:170:47:170:Infinity":28,"b:171:4:171:Infinity:undefined:undefined:undefined:undefined":23,"s:171:4:171:Infinity":29,"s:171:45:171:Infinity":30,"s:173:2:173:Infinity":31,"f:176:20:176:32":5,"s:181:2:190:Infinity":32,"b:182:4:182:Infinity:183:4:183:Infinity:184:4:184:Infinity:185:4:185:Infinity:186:4:186:Infinity:187:4:187:Infinity:188:4:188:Infinity:189:4:189:Infinity:190:4:190:Infinity":24},"fnNames":{}}}
,"/app/frontend/src/erd/businessGroups.ts": {"path":"/app/frontend/src/erd/businessGroups.ts","statementMap":{"0":{"start":{"line":7,"column":37},"end":{"line":14,"column":null}},"1":{"start":{"line":16,"column":44},"end":{"line":16,"column":null}},"2":{"start":{"line":21,"column":2},"end":{"line":26,"column":null}},"3":{"start":{"line":25,"column":4},"end":{"line":25,"column":null}},"4":{"start":{"line":27,"column":2},"end":{"line":27,"column":null}},"5":{"start":{"line":31,"column":21},"end":{"line":35,"column":null}},"6":{"start":{"line":36,"column":2},"end":{"line":36,"column":null}},"7":{"start":{"line":43,"column":17},"end":{"line":43,"column":null}},"8":{"start":{"line":44,"column":22},"end":{"line":44,"column":null}},"9":{"start":{"line":44,"column":60},"end":{"line":44,"column":68}},"10":{"start":{"line":45,"column":2},"end":{"line":45,"column":null}},"11":{"start":{"line":45,"column":32},"end":{"line":45,"column":null}},"12":{"start":{"line":46,"column":15},"end":{"line":46,"column":null}},"13":{"start":{"line":47,"column":2},"end":{"line":49,"column":null}},"14":{"start":{"line":48,"column":4},"end":{"line":48,"column":null}},"15":{"start":{"line":50,"column":2},"end":{"line":50,"column":null}}},"fnMap":{"0":{"name":"normalizeBusinessGroupColor","decl":{"start":{"line":18,"column":16},"end":{"line":18,"column":null}},"loc":{"start":{"line":20,"column":10},"end":{"line":28,"column":null}},"line":20},"1":{"name":"buildBusinessGroupId","decl":{"start":{"line":30,"column":16},"end":{"line":30,"column":37}},"loc":{"start":{"line":30,"column":59},"end":{"line":37,"column":null}},"line":30},"2":{"name":"uniqueBusinessGroupId","decl":{"start":{"line":39,"column":16},"end":{"line":39,"column":null}},"loc":{"start":{"line":42,"column":10},"end":{"line":51,"column":null}},"line":42},"3":{"name":"(anonymous_3)","decl":{"start":{"line":44,"column":45},"end":{"line":44,"column":50}},"loc":{"start":{"line":44,"column":60},"end":{"line":44,"column":68}},"line":44}},"branchMap":{"0":{"loc":{"start":{"line":21,"column":2},"end":{"line":26,"column":null}},"type":"if","locations":[{"start":{"line":21,"column":2},"end":{"line":26,"column":null}},{"start":{},"end":{}}],"line":21},"1":{"loc":{"start":{"line":22,"column":4},"end":{"line":23,"column":null}},"type":"binary-expr","locations":[{"start":{"line":22,"column":4},"end":{"line":22,"column":null}},{"start":{"line":23,"column":4},"end":{"line":23,"column":null}}],"line":22},"2":{"loc":{"start":{"line":36,"column":18},"end":{"line":36,"column":null}},"type":"binary-expr","locations":[{"start":{"line":36,"column":18},"end":{"line":36,"column":32}},{"start":{"line":36,"column":32},"end":{"line":36,"column":null}}],"line":36},"3":{"loc":{"start":{"line":45,"column":2},"end":{"line":45,"column":null}},"type":"if","locations":[{"start":{"line":45,"column":2},"end":{"line":45,"column":null}},{"start":{},"end":{}}],"line":45}},"s":{"0":1,"1":1,"2":1,"3":0,"4":1,"5":0,"6":0,"7":0,"8":0,"9":0,"10":0,"11":0,"12":0,"13":0,"14":0,"15":0},"f":{"0":1,"1":0,"2":0,"3":0},"b":{"0":[0,1],"1":[1,1],"2":[0,0],"3":[0,0]},"meta":{"lastBranch":4,"lastFunction":4,"lastStatement":16,"seen":{"s:7:37:14:Infinity":0,"s:16:44:16:Infinity":1,"f:18:16:18:Infinity":0,"b:21:2:26:Infinity:undefined:undefined:undefined:undefined":0,"s:21:2:26:Infinity":2,"b:22:4:22:Infinity:23:4:23:Infinity":1,"s:25:4:25:Infinity":3,"s:27:2:27:Infinity":4,"f:30:16:30:37":1,"s:31:21:35:Infinity":5,"s:36:2:36:Infinity":6,"b:36:18:36:32:36:32:36:Infinity":2,"f:39:16:39:Infinity":2,"s:43:17:43:Infinity":7,"s:44:22:44:Infinity":8,"f:44:45:44:50":3,"s:44:60:44:68":9,"b:45:2:45:Infinity:undefined:undefined:undefined:undefined":3,"s:45:2:45:Infinity":10,"s:45:32:45:Infinity":11,"s:46:15:46:Infinity":12,"s:47:2:49:Infinity":13,"s:48:4:48:Infinity":14,"s:50:2:50:Infinity":15},"fnNames":{}}}
,"/app/frontend/src/erd/handleUtils.ts": {"path":"/app/frontend/src/erd/handleUtils.ts","statementMap":{"0":{"start":{"line":2,"column":18},"end":{"line":4,"column":null}},"1":{"start":{"line":3,"column":4},"end":{"line":3,"column":null}},"2":{"start":{"line":6,"column":2},"end":{"line":6,"column":null}},"3":{"start":{"line":10,"column":2},"end":{"line":10,"column":null}},"4":{"start":{"line":14,"column":2},"end":{"line":14,"column":null}}},"fnMap":{"0":{"name":"sanitizeHandleId","decl":{"start":{"line":1,"column":16},"end":{"line":1,"column":33}},"loc":{"start":{"line":1,"column":61},"end":{"line":7,"column":null}},"line":1},"1":{"name":"(anonymous_1)","decl":{"start":{"line":2,"column":29},"end":{"line":2,"column":42}},"loc":{"start":{"line":2,"column":51},"end":{"line":4,"column":3}},"line":2},"2":{"name":"sourceColumnHandleId","decl":{"start":{"line":9,"column":16},"end":{"line":9,"column":37}},"loc":{"start":{"line":9,"column":65},"end":{"line":11,"column":null}},"line":9},"3":{"name":"targetColumnHandleId","decl":{"start":{"line":13,"column":16},"end":{"line":13,"column":37}},"loc":{"start":{"line":13,"column":65},"end":{"line":15,"column":null}},"line":13}},"branchMap":{"0":{"loc":{"start":{"line":3,"column":11},"end":{"line":3,"column":null}},"type":"binary-expr","locations":[{"start":{"line":3,"column":11},"end":{"line":3,"column":65}},{"start":{"line":3,"column":65},"end":{"line":3,"column":null}}],"line":3},"1":{"loc":{"start":{"line":6,"column":14},"end":{"line":6,"column":null}},"type":"binary-expr","locations":[{"start":{"line":6,"column":14},"end":{"line":6,"column":25}},{"start":{"line":6,"column":25},"end":{"line":6,"column":null}}],"line":6}},"s":{"0":4,"1":12,"2":4,"3":2,"4":2},"f":{"0":4,"1":12,"2":2,"3":2},"b":{"0":[12,0],"1":[4,0]},"meta":{"lastBranch":2,"lastFunction":4,"lastStatement":5,"seen":{"f:1:16:1:33":0,"s:2:18:4:Infinity":0,"f:2:29:2:42":1,"s:3:4:3:Infinity":1,"b:3:11:3:65:3:65:3:Infinity":0,"s:6:2:6:Infinity":2,"b:6:14:6:25:6:25:6:Infinity":1,"f:9:16:9:37":2,"s:10:2:10:Infinity":3,"f:13:16:13:37":3,"s:14:2:14:Infinity":4},"fnNames":{}}}
}
